{
  "stats": {
    "suites": 2,
    "tests": 1,
    "passes": 1,
    "pending": 0,
    "failures": 0,
    "start": "2021-02-05T19:42:59.192Z",
    "end": "2021-02-05T19:42:59.218Z",
    "duration": 26,
    "testsRegistered": 1,
    "passPercent": 100,
    "pendingPercent": 0,
    "other": 0,
    "hasOther": false,
    "skipped": 0,
    "hasSkipped": false
  },
  "results": [
    {
      "uuid": "3e4578d0-037f-4b94-b7fa-9af48c1b48cd",
      "title": "",
      "fullFile": "",
      "file": "",
      "beforeHooks": [],
      "afterHooks": [],
      "tests": [],
      "suites": [
        {
          "uuid": "04c1651b-1b17-44ab-a104-79c38592d0ca",
          "title": "Route",
          "fullFile": "/Users/ekwong/Documents/git/platform-exercise/test/route.test.js",
          "file": "/test/route.test.js",
          "beforeHooks": [],
          "afterHooks": [],
          "tests": [],
          "suites": [
            {
              "uuid": "df280364-c113-4fce-ab2d-c0e8fdd607c8",
              "title": "Route Test",
              "fullFile": "/Users/ekwong/Documents/git/platform-exercise/test/route.test.js",
              "file": "/test/route.test.js",
              "beforeHooks": [],
              "afterHooks": [],
              "tests": [
                {
                  "title": "it GET default route",
                  "fullTitle": "Route Route Test it GET default route",
                  "timedOut": false,
                  "duration": 20,
                  "state": "passed",
                  "speed": "fast",
                  "pass": true,
                  "fail": false,
                  "pending": false,
                  "context": null,
                  "code": "chai.request(server)\n    .get('/')\n    .end((err, res) => {\n          res.should.have.status(200);\n          res.body.should.be.an('object');\n          res.body.should.contain({message:\"Displaying Content.\"});\n      done();\n    });",
                  "err": {},
                  "uuid": "cc627c72-fa6e-497c-ba94-753b9d1223c4",
                  "parentUUID": "df280364-c113-4fce-ab2d-c0e8fdd607c8",
                  "isHook": false,
                  "skipped": false
                }
              ],
              "suites": [],
              "passes": [
                "cc627c72-fa6e-497c-ba94-753b9d1223c4"
              ],
              "failures": [],
              "pending": [],
              "skipped": [],
              "duration": 20,
              "root": false,
              "rootEmpty": false,
              "_timeout": 2000
            }
          ],
          "passes": [],
          "failures": [],
          "pending": [],
          "skipped": [],
          "duration": 0,
          "root": false,
          "rootEmpty": false,
          "_timeout": 2000
        }
      ],
      "passes": [],
      "failures": [],
      "pending": [],
      "skipped": [],
      "duration": 0,
      "root": true,
      "rootEmpty": true,
      "_timeout": 2000
    }
  ],
  "meta": {
    "mocha": {
      "version": "8.2.1"
    },
    "mochawesome": {
      "options": {
        "quiet": false,
        "reportFilename": "mochawesome",
        "saveHtml": true,
        "saveJson": true,
        "consoleReporter": "spec",
        "useInlineDiffs": false,
        "code": true
      },
      "version": "6.2.1"
    },
    "marge": {
      "options": {
        "reportDir": "test_reports"
      },
      "version": "5.1.0"
    }
  }
}